<?xml version="1.0" encoding="UTF-8"?>
<robot generator="Robot 3.1.2 (Python 3.6.8 on linux)" generated="20191118 10:44:35.660" rpa="false">
<suite id="s1" name="Tc Eurosports Login" source="/home/vasuja.kookkal/Desktop/Eurosports/Demo_code/Eurosport_Automation/Robot_Framework/TestCases/Eurosport/tc_eurosports_login.robot">
<kw name="Set Init Env" type="setup">
<kw name="Create Dictionary" library="BuiltIn">
<doc>Creates and returns a dictionary based on the given ``items``.</doc>
<assign>
<var>${login_details}</var>
</assign>
<msg timestamp="20191118 10:44:35.693" level="INFO">${login_details} = {}</msg>
<status status="PASS" starttime="20191118 10:44:35.693" endtime="20191118 10:44:35.693"></status>
</kw>
<kw name="Set Suite Variable" library="BuiltIn">
<doc>Makes a variable available everywhere within the scope of the current suite.</doc>
<arguments>
<arg>${logindetails}</arg>
</arguments>
<msg timestamp="20191118 10:44:35.693" level="INFO">${logindetails} = {}</msg>
<status status="PASS" starttime="20191118 10:44:35.693" endtime="20191118 10:44:35.693"></status>
</kw>
<kw name="Create Dictionary" library="BuiltIn">
<doc>Creates and returns a dictionary based on the given ``items``.</doc>
<assign>
<var>${video_details}</var>
</assign>
<msg timestamp="20191118 10:44:35.694" level="INFO">${video_details} = {}</msg>
<status status="PASS" starttime="20191118 10:44:35.694" endtime="20191118 10:44:35.694"></status>
</kw>
<kw name="Set Suite Variable" library="BuiltIn">
<doc>Makes a variable available everywhere within the scope of the current suite.</doc>
<arguments>
<arg>${video_details}</arg>
</arguments>
<msg timestamp="20191118 10:44:35.694" level="INFO">${video_details} = {}</msg>
<status status="PASS" starttime="20191118 10:44:35.694" endtime="20191118 10:44:35.694"></status>
</kw>
<kw name="I launch the browser" library="EuroKeywords">
<arguments>
<arg>&amp;{Browser_info}</arg>
</arguments>
<kw name="Run Keyword" library="BuiltIn">
<doc>Executes the given keyword with the given arguments.</doc>
<arguments>
<arg>launch_browser</arg>
<arg>&amp;{Browser_info}</arg>
</arguments>
<kw name="launch_browser">
<arguments>
<arg>&amp;{Browser_info}</arg>
</arguments>
<msg timestamp="20191118 10:44:35.696" level="FAIL">No keyword with name 'launch_browser' found.</msg>
<status status="FAIL" starttime="20191118 10:44:35.696" endtime="20191118 10:44:35.696"></status>
</kw>
<status status="FAIL" starttime="20191118 10:44:35.695" endtime="20191118 10:44:35.696"></status>
</kw>
<status status="FAIL" starttime="20191118 10:44:35.694" endtime="20191118 10:44:35.696"></status>
</kw>
<status status="FAIL" starttime="20191118 10:44:35.692" endtime="20191118 10:44:35.696"></status>
</kw>
<test id="s1-t1" name="Login to Eurosport and play video">
<tags>
<tag>playback_video</tag>
</tags>
<status status="FAIL" starttime="20191118 10:44:35.697" endtime="20191118 10:44:35.697" critical="yes">Parent suite setup failed:
No keyword with name 'launch_browser' found.</status>
</test>
<kw name="Close The Browsers" library="EuroKeywords" type="teardown">
<kw name="Run Keyword" library="BuiltIn">
<doc>Executes the given keyword with the given arguments.</doc>
<arguments>
<arg>Close The Browser</arg>
</arguments>
<kw name="Close The Browser">
<msg timestamp="20191118 10:44:35.699" level="FAIL">No keyword with name 'Close The Browser' found. Did you mean:
    EuroKeywords.Close The Browsers</msg>
<status status="FAIL" starttime="20191118 10:44:35.699" endtime="20191118 10:44:35.699"></status>
</kw>
<status status="FAIL" starttime="20191118 10:44:35.697" endtime="20191118 10:44:35.699"></status>
</kw>
<status status="FAIL" starttime="20191118 10:44:35.697" endtime="20191118 10:44:35.699">No keyword with name 'Close The Browser' found. Did you mean:
    EuroKeywords.Close The Browsers</status>
</kw>
<doc>This test case will navigate to "https://www.eurosportplayer.com/" and play the video</doc>
<status status="FAIL" starttime="20191118 10:44:35.661" endtime="20191118 10:44:35.699">Suite setup failed:
No keyword with name 'launch_browser' found.

Also suite teardown failed:
No keyword with name 'Close The Browser' found. Did you mean:
    EuroKeywords.Close The Browsers</status>
</suite>
<statistics>
<total>
<stat pass="0" fail="1">Critical Tests</stat>
<stat pass="0" fail="1">All Tests</stat>
</total>
<tag>
<stat pass="0" fail="1">playback_video</stat>
</tag>
<suite>
<stat pass="0" fail="1" id="s1" name="Tc Eurosports Login">Tc Eurosports Login</stat>
</suite>
</statistics>
<errors>
<msg timestamp="20191118 10:44:35.691" level="ERROR">Error in file '/home/vasuja.kookkal/Desktop/Eurosports/Demo_code/Eurosport_Automation/Robot_Framework/TestCases/Eurosport/tc_eurosports_login.robot': Importing test library '/home/vasuja.kookkal/Desktop/Eurosports/Demo_code/Eurosport_Automation/Robot_Framework/lib/EuroComponent.py' failed: ImportError: bad magic number in 'web_wrappers': b'\x03\xf3\r\n'
Traceback (most recent call last):
  File "/home/vasuja.kookkal/Desktop/Eurosports/Demo_code/Eurosport_Automation/Robot_Framework/lib/EuroComponent.py", line 6, in &lt;module&gt;
    from web_wrappers.selenium_wrappers import LocalBrowser
PYTHONPATH:
  /usr/lib/python36.zip
  /usr/lib/python3.6
  /usr/lib/python3.6/lib-dynload
  /home/vasuja.kookkal/.local/lib/python3.6/site-packages
  /usr/local/lib/python3.6/dist-packages
  /usr/local/lib/python3.6/dist-packages/setuptools-40.8.0-py3.6.egg
  /usr/lib/python3/dist-packages
  /home/vasuja.kookkal/Desktop/Eurosports/Demo_code/Eurosport_Automation/Robot_Framework
  /home/vasuja.kookkal/Desktop/Eurosports/Demo_code/Eurosport_Automation/Robot_Framework/page
  /home/vasuja.kookkal/Desktop/Eurosports/Demo_code/Eurosport_Automation/Selenium_Lib
  /home/vasuja.kookkal/Desktop/Eurosports/Demo_code/Eurosport_Automation/Selenium_Lib/utils
  /home/vasuja.kookkal/Desktop/Eurosports/Demo_code/Eurosport_Automation/Selenium_Lib/web_wrappers</msg>
</errors>
</robot>
