<?xml version="1.0" encoding="UTF-8"?>
<robot generator="Robot 3.1.2 (Python 3.6.8 on linux)" generated="20191120 12:13:16.232" rpa="false">
<suite id="s1" name="Tc Eurosports Login" source="/home/vasuja.kookkal/Desktop/GL_Projects/Eurosport_Automation/Robot_Framework/TestCases/Eurosport/tc_eurosports_login.robot">
<kw name="Set Init Env" type="setup">
<kw name="Create Dictionary" library="BuiltIn">
<doc>Creates and returns a dictionary based on the given ``items``.</doc>
<assign>
<var>${login_details}</var>
</assign>
<msg timestamp="20191120 12:13:16.298" level="INFO">${login_details} = {}</msg>
<status status="PASS" starttime="20191120 12:13:16.297" endtime="20191120 12:13:16.298"></status>
</kw>
<kw name="Set Suite Variable" library="BuiltIn">
<doc>Makes a variable available everywhere within the scope of the current suite.</doc>
<arguments>
<arg>${logindetails}</arg>
</arguments>
<msg timestamp="20191120 12:13:16.298" level="INFO">${logindetails} = {}</msg>
<status status="PASS" starttime="20191120 12:13:16.298" endtime="20191120 12:13:16.298"></status>
</kw>
<kw name="Create Dictionary" library="BuiltIn">
<doc>Creates and returns a dictionary based on the given ``items``.</doc>
<assign>
<var>${video_details}</var>
</assign>
<msg timestamp="20191120 12:13:16.298" level="INFO">${video_details} = {}</msg>
<status status="PASS" starttime="20191120 12:13:16.298" endtime="20191120 12:13:16.298"></status>
</kw>
<kw name="Set Suite Variable" library="BuiltIn">
<doc>Makes a variable available everywhere within the scope of the current suite.</doc>
<arguments>
<arg>${video_details}</arg>
</arguments>
<msg timestamp="20191120 12:13:16.299" level="INFO">${video_details} = {}</msg>
<status status="PASS" starttime="20191120 12:13:16.299" endtime="20191120 12:13:16.299"></status>
</kw>
<kw name="I launch the browser" library="EuroKeywords">
<arguments>
<arg>&amp;{Browser_info}</arg>
</arguments>
<kw name="Run Keyword" library="BuiltIn">
<doc>Executes the given keyword with the given arguments.</doc>
<arguments>
<arg>launch_browser</arg>
<arg>&amp;{Browser_info}</arg>
</arguments>
<kw name="Launch Browser" library="EuroComponent">
<doc>`Description:` This function is used to launch the browser</doc>
<arguments>
<arg>&amp;{Browser_info}</arg>
</arguments>
<status status="PASS" starttime="20191120 12:13:16.299" endtime="20191120 12:13:18.817"></status>
</kw>
<status status="PASS" starttime="20191120 12:13:16.299" endtime="20191120 12:13:18.818"></status>
</kw>
<status status="PASS" starttime="20191120 12:13:16.299" endtime="20191120 12:13:18.818"></status>
</kw>
<status status="PASS" starttime="20191120 12:13:16.297" endtime="20191120 12:13:18.818"></status>
</kw>
<test id="s1-t1" name="Login to Eurosport and play video">
<kw name="When I open the web page with ${URL}" library="EuroKeywords">
<kw name="Run Keyword" library="BuiltIn">
<doc>Executes the given keyword with the given arguments.</doc>
<arguments>
<arg>Open_Url</arg>
<arg>${url}</arg>
</arguments>
<kw name="Open Url" library="EuroComponent">
<doc>`Description:` This function is used to open Eurosport portal page</doc>
<arguments>
<arg>${url}</arg>
</arguments>
<msg timestamp="20191120 12:13:22.989" level="INFO">Open URL successful</msg>
<status status="PASS" starttime="20191120 12:13:18.820" endtime="20191120 12:13:22.989"></status>
</kw>
<status status="PASS" starttime="20191120 12:13:18.820" endtime="20191120 12:13:22.989"></status>
</kw>
<status status="PASS" starttime="20191120 12:13:18.819" endtime="20191120 12:13:22.990"></status>
</kw>
<kw name="Sleep" library="BuiltIn">
<doc>Pauses the test executed for the given time.</doc>
<arguments>
<arg>3</arg>
</arguments>
<msg timestamp="20191120 12:13:25.991" level="INFO">Slept 3 seconds</msg>
<status status="PASS" starttime="20191120 12:13:22.990" endtime="20191120 12:13:25.991"></status>
</kw>
<kw name="When I switch to &quot;OnDemand&quot; page" library="EuroKeywords">
<kw name="Create Dictionary" library="BuiltIn">
<doc>Creates and returns a dictionary based on the given ``items``.</doc>
<arguments>
<arg>page=${myNewPage}</arg>
</arguments>
<assign>
<var>&amp;{pageSwitch}</var>
</assign>
<msg timestamp="20191120 12:13:25.992" level="INFO">&amp;{pageSwitch} = { page=OnDemand }</msg>
<status status="PASS" starttime="20191120 12:13:25.992" endtime="20191120 12:13:25.992"></status>
</kw>
<kw name="Run Keyword" library="BuiltIn">
<doc>Executes the given keyword with the given arguments.</doc>
<arguments>
<arg>Switch Page</arg>
<arg>&amp;{pageSwitch}</arg>
</arguments>
<kw name="Switch Page" library="EuroComponent">
<doc>`Description:` Switch any page</doc>
<arguments>
<arg>&amp;{pageSwitch}</arg>
</arguments>
<msg timestamp="20191120 12:13:25.993" level="INFO">{'ELEMENT_TYPE': 'ul', 'BY_TYPE': 'xpath', 'BY_VALUE': '//ul[@class="styles-navItems-3s_CBd8n"]/li[2]'}</msg>
<msg timestamp="20191120 12:13:26.075" level="INFO">{'ELEMENT_TYPE': 'ul', 'BY_TYPE': 'xpath', 'BY_VALUE': '//ul[@class="styles-navItems-3s_CBd8n"]/li[2]'}</msg>
<msg timestamp="20191120 12:13:26.322" level="INFO">IN MAIN:
IN COMMON SWITCH
{'page': 'OnDemand'}</msg>
<status status="PASS" starttime="20191120 12:13:25.993" endtime="20191120 12:13:26.323"></status>
</kw>
<status status="PASS" starttime="20191120 12:13:25.992" endtime="20191120 12:13:26.323"></status>
</kw>
<status status="PASS" starttime="20191120 12:13:25.992" endtime="20191120 12:13:26.323"></status>
</kw>
<kw name="Sleep" library="BuiltIn">
<doc>Pauses the test executed for the given time.</doc>
<arguments>
<arg>3</arg>
</arguments>
<msg timestamp="20191120 12:13:29.325" level="INFO">Slept 3 seconds</msg>
<status status="PASS" starttime="20191120 12:13:26.324" endtime="20191120 12:13:29.325"></status>
</kw>
<kw name="Set To Dictionary" library="Collections">
<doc>Adds the given ``key_value_pairs`` and ``items`` to the ``dictionary``.</doc>
<arguments>
<arg>${video_details}</arg>
<arg>play_button_xpath</arg>
<arg>First_video_play_button</arg>
</arguments>
<status status="PASS" starttime="20191120 12:13:29.326" endtime="20191120 12:13:29.327"></status>
</kw>
<kw name="And I play the video" library="EuroKeywords">
<arguments>
<arg>&amp;{video_details}</arg>
</arguments>
<kw name="Run Keyword" library="BuiltIn">
<doc>Executes the given keyword with the given arguments.</doc>
<arguments>
<arg>play video</arg>
<arg>&amp;{video_details}</arg>
</arguments>
<assign>
<var>${result}</var>
</assign>
<kw name="Play Video" library="EuroComponent">
<doc>`Description:` To play any video</doc>
<arguments>
<arg>&amp;{video_details}</arg>
</arguments>
<msg timestamp="20191120 12:13:29.331" level="INFO">{'ELEMENT_TYPE': 'span', 'BY_TYPE': 'xpath', 'BY_VALUE': "(//span[@data-sonic-attribute='play-button'])[1]"}</msg>
<status status="PASS" starttime="20191120 12:13:29.330" endtime="20191120 12:13:29.604"></status>
</kw>
<msg timestamp="20191120 12:13:29.604" level="INFO">${result} = True</msg>
<status status="PASS" starttime="20191120 12:13:29.329" endtime="20191120 12:13:29.604"></status>
</kw>
<kw name="Should Be True" library="BuiltIn">
<doc>Fails if the given condition is not true.</doc>
<arguments>
<arg>${result}</arg>
</arguments>
<status status="PASS" starttime="20191120 12:13:29.605" endtime="20191120 12:13:29.606"></status>
</kw>
<status status="PASS" starttime="20191120 12:13:29.328" endtime="20191120 12:13:29.606"></status>
</kw>
<kw name="Sleep" library="BuiltIn">
<doc>Pauses the test executed for the given time.</doc>
<arguments>
<arg>10s</arg>
</arguments>
<msg timestamp="20191120 12:13:39.607" level="INFO">Slept 10 seconds</msg>
<status status="PASS" starttime="20191120 12:13:29.607" endtime="20191120 12:13:39.608"></status>
</kw>
<tags>
<tag>playback_video</tag>
</tags>
<status status="PASS" starttime="20191120 12:13:18.818" endtime="20191120 12:13:39.608" critical="yes"></status>
</test>
<kw name="Close The Browsers" library="EuroKeywords" type="teardown">
<kw name="Run Keyword" library="BuiltIn">
<doc>Executes the given keyword with the given arguments.</doc>
<arguments>
<arg>Close The Browser</arg>
</arguments>
<kw name="Close The Browser" library="EuroComponent">
<doc>`Description:` Close the browser object</doc>
<status status="PASS" starttime="20191120 12:13:39.611" endtime="20191120 12:13:43.137"></status>
</kw>
<status status="PASS" starttime="20191120 12:13:39.610" endtime="20191120 12:13:43.137"></status>
</kw>
<status status="PASS" starttime="20191120 12:13:39.609" endtime="20191120 12:13:43.137"></status>
</kw>
<doc>This test case will navigate to "https://www.eurosportplayer.com/" and play the video</doc>
<status status="PASS" starttime="20191120 12:13:16.232" endtime="20191120 12:13:43.138"></status>
</suite>
<statistics>
<total>
<stat pass="1" fail="0">Critical Tests</stat>
<stat pass="1" fail="0">All Tests</stat>
</total>
<tag>
<stat pass="1" fail="0">playback_video</stat>
</tag>
<suite>
<stat pass="1" fail="0" id="s1" name="Tc Eurosports Login">Tc Eurosports Login</stat>
</suite>
</statistics>
<errors>
</errors>
</robot>
