<?xml version="1.0" encoding="UTF-8"?>
<robot generator="Robot 3.1.2 (Python 3.6.8 on linux)" generated="20191126 13:22:34.670" rpa="false">
<suite id="s1" name="Tc Eurosports Login" source="/home/vasuja.kookkal/Desktop/GL_Projects/Eurosport_Automation/Robot_Framework/TestCases/Eurosport/tc_eurosports_login.robot">
<kw name="Set Init Env" type="setup">
<kw name="Create Dictionary" library="BuiltIn">
<doc>Creates and returns a dictionary based on the given ``items``.</doc>
<assign>
<var>${login_details}</var>
</assign>
<msg timestamp="20191126 13:22:34.765" level="INFO">${login_details} = {}</msg>
<status status="PASS" starttime="20191126 13:22:34.765" endtime="20191126 13:22:34.765"></status>
</kw>
<kw name="Set Suite Variable" library="BuiltIn">
<doc>Makes a variable available everywhere within the scope of the current suite.</doc>
<arguments>
<arg>${logindetails}</arg>
</arguments>
<msg timestamp="20191126 13:22:34.765" level="INFO">${logindetails} = {}</msg>
<status status="PASS" starttime="20191126 13:22:34.765" endtime="20191126 13:22:34.765"></status>
</kw>
<kw name="Create Dictionary" library="BuiltIn">
<doc>Creates and returns a dictionary based on the given ``items``.</doc>
<assign>
<var>${video_details}</var>
</assign>
<msg timestamp="20191126 13:22:34.766" level="INFO">${video_details} = {}</msg>
<status status="PASS" starttime="20191126 13:22:34.766" endtime="20191126 13:22:34.766"></status>
</kw>
<kw name="Set Suite Variable" library="BuiltIn">
<doc>Makes a variable available everywhere within the scope of the current suite.</doc>
<arguments>
<arg>${video_details}</arg>
</arguments>
<msg timestamp="20191126 13:22:34.766" level="INFO">${video_details} = {}</msg>
<status status="PASS" starttime="20191126 13:22:34.766" endtime="20191126 13:22:34.766"></status>
</kw>
<kw name="I launch the browser" library="EuroKeywords">
<arguments>
<arg>&amp;{Browser_info}</arg>
</arguments>
<kw name="Run Keyword" library="BuiltIn">
<doc>Executes the given keyword with the given arguments.</doc>
<arguments>
<arg>launch_browser</arg>
<arg>&amp;{Browser_info}</arg>
</arguments>
<kw name="Launch Browser" library="EuroComponent">
<doc>`Description:` This function is used to launch the browser</doc>
<arguments>
<arg>&amp;{Browser_info}</arg>
</arguments>
<status status="PASS" starttime="20191126 13:22:34.767" endtime="20191126 13:23:35.179"></status>
</kw>
<status status="PASS" starttime="20191126 13:22:34.767" endtime="20191126 13:23:35.179"></status>
</kw>
<status status="PASS" starttime="20191126 13:22:34.767" endtime="20191126 13:23:35.179"></status>
</kw>
<status status="PASS" starttime="20191126 13:22:34.764" endtime="20191126 13:23:35.179"></status>
</kw>
<test id="s1-t1" name="Testcase 1: Login to Eurosport and play video">
<kw name="When I open the web page with ${URL}" library="EuroKeywords">
<kw name="Run Keyword" library="BuiltIn">
<doc>Executes the given keyword with the given arguments.</doc>
<arguments>
<arg>Open_Url</arg>
<arg>${url}</arg>
</arguments>
<kw name="Open Url" library="EuroComponent">
<doc>`Description:` This function is used to open Eurosport portal page</doc>
<arguments>
<arg>${url}</arg>
</arguments>
<msg timestamp="20191126 13:23:38.008" level="INFO">Open URL successful</msg>
<status status="PASS" starttime="20191126 13:23:35.181" endtime="20191126 13:23:38.009"></status>
</kw>
<status status="PASS" starttime="20191126 13:23:35.181" endtime="20191126 13:23:38.009"></status>
</kw>
<status status="PASS" starttime="20191126 13:23:35.180" endtime="20191126 13:23:38.009"></status>
</kw>
<kw name="Sleep" library="BuiltIn">
<doc>Pauses the test executed for the given time.</doc>
<arguments>
<arg>3</arg>
</arguments>
<msg timestamp="20191126 13:23:41.010" level="INFO">Slept 3 seconds</msg>
<status status="PASS" starttime="20191126 13:23:38.009" endtime="20191126 13:23:41.011"></status>
</kw>
<kw name="When I switch to &quot;OnDemand&quot; page" library="EuroKeywords">
<kw name="Create Dictionary" library="BuiltIn">
<doc>Creates and returns a dictionary based on the given ``items``.</doc>
<arguments>
<arg>page=${myNewPage}</arg>
</arguments>
<assign>
<var>&amp;{pageSwitch}</var>
</assign>
<msg timestamp="20191126 13:23:41.014" level="INFO">&amp;{pageSwitch} = { page=OnDemand }</msg>
<status status="PASS" starttime="20191126 13:23:41.013" endtime="20191126 13:23:41.014"></status>
</kw>
<kw name="Run Keyword" library="BuiltIn">
<doc>Executes the given keyword with the given arguments.</doc>
<arguments>
<arg>Switch Page</arg>
<arg>&amp;{pageSwitch}</arg>
</arguments>
<kw name="Switch Page" library="EuroComponent">
<doc>`Description:` Switch any page</doc>
<arguments>
<arg>&amp;{pageSwitch}</arg>
</arguments>
<msg timestamp="20191126 13:23:41.016" level="INFO">{'ELEMENT_TYPE': 'ul', 'BY_TYPE': 'xpath', 'BY_VALUE': "//ul[contains(@class,'styles-navItems')]/li[2]"}</msg>
<msg timestamp="20191126 13:23:41.869" level="INFO">{'ELEMENT_TYPE': 'ul', 'BY_TYPE': 'xpath', 'BY_VALUE': "//ul[contains(@class,'styles-navItems')]/li[2]"}</msg>
<msg timestamp="20191126 13:23:42.186" level="INFO">IN MAIN:
IN COMMON SWITCH
{'page': 'OnDemand'}</msg>
<status status="PASS" starttime="20191126 13:23:41.016" endtime="20191126 13:23:42.187"></status>
</kw>
<status status="PASS" starttime="20191126 13:23:41.015" endtime="20191126 13:23:42.187"></status>
</kw>
<status status="PASS" starttime="20191126 13:23:41.012" endtime="20191126 13:23:42.187"></status>
</kw>
<kw name="Sleep" library="BuiltIn">
<doc>Pauses the test executed for the given time.</doc>
<arguments>
<arg>3</arg>
</arguments>
<msg timestamp="20191126 13:23:45.188" level="INFO">Slept 3 seconds</msg>
<status status="PASS" starttime="20191126 13:23:42.187" endtime="20191126 13:23:45.188"></status>
</kw>
<kw name="Set To Dictionary" library="Collections">
<doc>Adds the given ``key_value_pairs`` and ``items`` to the ``dictionary``.</doc>
<arguments>
<arg>${video_details}</arg>
<arg>play_button_xpath</arg>
<arg>First_video_play_button</arg>
</arguments>
<status status="PASS" starttime="20191126 13:23:45.188" endtime="20191126 13:23:45.189"></status>
</kw>
<kw name="And I play the video" library="EuroKeywords">
<arguments>
<arg>&amp;{video_details}</arg>
</arguments>
<kw name="Run Keyword" library="BuiltIn">
<doc>Executes the given keyword with the given arguments.</doc>
<arguments>
<arg>play video</arg>
<arg>&amp;{video_details}</arg>
</arguments>
<assign>
<var>${result}</var>
</assign>
<kw name="Play Video" library="EuroComponent">
<doc>`Description:` To play any video</doc>
<arguments>
<arg>&amp;{video_details}</arg>
</arguments>
<msg timestamp="20191126 13:23:45.191" level="INFO">{'ELEMENT_TYPE': 'span', 'BY_TYPE': 'xpath', 'BY_VALUE': "(//span[@data-sonic-attribute='play-button'])[1]"}</msg>
<msg timestamp="20191126 13:23:45.294" level="INFO">{'ELEMENT_TYPE': 'span', 'BY_TYPE': 'xpath', 'BY_VALUE': "(//span[@data-sonic-attribute='play-button'])[1]"}</msg>
<status status="PASS" starttime="20191126 13:23:45.191" endtime="20191126 13:23:45.556"></status>
</kw>
<msg timestamp="20191126 13:23:45.557" level="INFO">${result} = True</msg>
<status status="PASS" starttime="20191126 13:23:45.190" endtime="20191126 13:23:45.557"></status>
</kw>
<kw name="Should Be True" library="BuiltIn">
<doc>Fails if the given condition is not true.</doc>
<arguments>
<arg>${result}</arg>
</arguments>
<status status="PASS" starttime="20191126 13:23:45.557" endtime="20191126 13:23:45.557"></status>
</kw>
<status status="PASS" starttime="20191126 13:23:45.189" endtime="20191126 13:23:45.558"></status>
</kw>
<kw name="Sleep" library="BuiltIn">
<doc>Pauses the test executed for the given time.</doc>
<arguments>
<arg>10s</arg>
</arguments>
<msg timestamp="20191126 13:23:55.558" level="INFO">Slept 10 seconds</msg>
<status status="PASS" starttime="20191126 13:23:45.558" endtime="20191126 13:23:55.559"></status>
</kw>
<tags>
<tag>playback_video</tag>
</tags>
<status status="PASS" starttime="20191126 13:23:35.180" endtime="20191126 13:23:55.560" critical="yes"></status>
</test>
<kw name="Close The Browsers" library="EuroKeywords" type="teardown">
<kw name="Run Keyword" library="BuiltIn">
<doc>Executes the given keyword with the given arguments.</doc>
<arguments>
<arg>Close The Browser</arg>
</arguments>
<kw name="Close The Browser" library="EuroComponent">
<doc>`Description:` Close the browser object</doc>
<status status="PASS" starttime="20191126 13:23:55.564" endtime="20191126 13:23:59.266"></status>
</kw>
<status status="PASS" starttime="20191126 13:23:55.563" endtime="20191126 13:23:59.266"></status>
</kw>
<kw name="Run Keyword" library="BuiltIn">
<doc>Executes the given keyword with the given arguments.</doc>
<arguments>
<arg>generate_allure_report</arg>
</arguments>
<kw name="Generate Allure Report" library="EuroComponent">
<doc>`Description:` Switch any page</doc>
<msg timestamp="20191126 13:23:59.267" level="INFO">IN MAIN:
Please check that the input parameters have been provided 
        `Description:` Switch any page

        `:param` params: name of the page which need to be switched

        `:return:` None

        `Created by:` Vasuja K</msg>
<status status="PASS" starttime="20191126 13:23:59.267" endtime="20191126 13:23:59.267"></status>
</kw>
<status status="PASS" starttime="20191126 13:23:59.266" endtime="20191126 13:23:59.268"></status>
</kw>
<status status="PASS" starttime="20191126 13:23:55.562" endtime="20191126 13:23:59.268"></status>
</kw>
<doc>This test case will navigate to "https://www.eurosportplayer.com/" and play the video</doc>
<status status="PASS" starttime="20191126 13:22:34.671" endtime="20191126 13:23:59.268"></status>
</suite>
<statistics>
<total>
<stat pass="1" fail="0">Critical Tests</stat>
<stat pass="1" fail="0">All Tests</stat>
</total>
<tag>
<stat pass="1" fail="0">playback_video</stat>
</tag>
<suite>
<stat pass="1" fail="0" id="s1" name="Tc Eurosports Login">Tc Eurosports Login</stat>
</suite>
</statistics>
<errors>
</errors>
</robot>
